2024/09/29 15:18:16 [::1]:59283 GET /
2024/09/29 15:18:16 [::1]:59283 GET /favicon.ico
2024/09/29 15:18:17 [::1]:59283 GET /
2024/09/29 15:18:17 [::1]:59283 GET /favicon.ico
2024/09/29 15:18:19 [::1]:59283 GET /import
2024/09/29 15:18:19 [::1]:59283 GET /home
2024/09/29 15:18:20 [::1]:59283 GET /home/update
2024/09/29 15:22:32 [::1]:59456 GET /
2024/09/29 15:22:32 [::1]:59456 GET /favicon.ico
2024/09/29 15:22:33 [::1]:59456 GET /
2024/09/29 15:22:33 [::1]:59456 GET /favicon.ico
2024/09/29 15:22:39 [::1]:59456 GET /
2024/09/29 15:22:39 [::1]:59456 GET /static/css/styles.css
2024/09/29 15:22:39 [::1]:59457 GET /static/css/styles.css.map
2024/09/29 15:22:39 [::1]:59464 GET /static/js/main.bundle.js
2024/09/29 15:22:39 [::1]:59465 GET /static/js/styles.bundle.js
2024/09/29 15:22:40 [::1]:59464 GET /static/js/main.bundle.js.map
2024/09/29 15:22:40 [::1]:59464 GET /static/js/styles.bundle.js.map
2024/09/29 15:22:40 [::1]:59457 GET /favicon.ico
2024/09/29 15:22:51 [::1]:59457 GET /
2024/09/29 15:22:51 [::1]:59457 GET /static/css/styles.css
2024/09/29 15:22:51 [::1]:59464 GET /static/css/styles.css.map
2024/09/29 15:22:51 [::1]:59456 GET /static/js/main.bundle.js
2024/09/29 15:22:51 [::1]:59465 GET /static/js/styles.bundle.js
2024/09/29 15:22:51 [::1]:59465 GET /static/js/main.bundle.js.map
2024/09/29 15:22:51 [::1]:59456 GET /static/js/styles.bundle.js.map
2024/09/29 15:22:51 [::1]:59456 GET /favicon.ico
2024/09/29 15:22:52 [::1]:59456 GET /home
2024/09/29 15:23:09 [::1]:59456 GET /
2024/09/29 15:23:09 [::1]:59456 GET /static/css/styles.css
2024/09/29 15:23:09 [::1]:59465 GET /static/css/styles.css.map
2024/09/29 15:23:09 [::1]:59457 GET /static/js/main.bundle.js
2024/09/29 15:23:09 [::1]:59464 GET /static/js/styles.bundle.js
2024/09/29 15:23:09 [::1]:59464 GET /favicon.ico
2024/09/29 15:23:09 [::1]:59464 GET /static/js/main.bundle.js.map
2024/09/29 15:23:09 [::1]:59464 GET /static/js/styles.bundle.js.map
2024/09/29 15:23:10 [::1]:59464 GET /home
2024/09/29 15:23:21 [::1]:59464 GET /
2024/09/29 15:23:21 [::1]:59464 GET /static/css/styles.css
2024/09/29 15:23:21 [::1]:59457 GET /static/css/styles.css.map
2024/09/29 15:23:21 [::1]:59465 GET /static/js/main.bundle.js
2024/09/29 15:23:21 [::1]:59456 GET /static/js/styles.bundle.js
2024/09/29 15:23:21 [::1]:59456 GET /favicon.ico
2024/09/29 15:23:21 [::1]:59456 GET /static/js/main.bundle.js.map
2024/09/29 15:23:21 [::1]:59465 GET /static/js/styles.bundle.js.map
2024/09/29 15:23:22 [::1]:59465 GET /home
2024/09/29 15:23:23 [::1]:59465 GET /import
2024/09/29 15:23:25 [::1]:59465 GET /home
2024/09/29 15:23:28 [::1]:59465 GET /
2024/09/29 15:23:28 [::1]:59465 GET /static/css/styles.css
2024/09/29 15:23:28 [::1]:59456 GET /static/css/styles.css.map
2024/09/29 15:23:28 [::1]:59457 GET /static/js/main.bundle.js
2024/09/29 15:23:28 [::1]:59464 GET /static/js/styles.bundle.js
2024/09/29 15:23:28 [::1]:59464 GET /favicon.ico
2024/09/29 15:23:28 [::1]:59457 GET /static/js/main.bundle.js.map
2024/09/29 15:23:28 [::1]:59456 GET /static/js/styles.bundle.js.map
2024/09/29 15:23:29 [::1]:59456 GET /home
2024/09/29 15:23:31 [::1]:59456 GET /
2024/09/29 15:23:31 [::1]:59456 GET /favicon.ico
2024/09/29 15:23:32 [::1]:59456 GET /home
2024/09/29 15:28:04 [::1]:59456 GET /
2024/09/29 15:28:04 [::1]:59456 GET /static/css/styles.css
2024/09/29 15:28:04 [::1]:59464 GET /static/css/styles.css.map
2024/09/29 15:28:04 [::1]:59457 GET /static/js/main.bundle.js
2024/09/29 15:28:04 [::1]:59465 GET /static/js/styles.bundle.js
2024/09/29 15:28:04 [::1]:59465 GET /favicon.ico
2024/09/29 15:28:04 [::1]:59465 GET /static/js/main.bundle.js.map
2024/09/29 15:28:04 [::1]:59457 GET /static/js/styles.bundle.js.map
2024/09/29 15:28:05 [::1]:59457 GET /
2024/09/29 15:28:05 [::1]:59457 GET /favicon.ico
2024/09/29 15:28:06 [::1]:59457 GET /home
2024/09/29 15:28:11 [::1]:59457 GET /favicon.ico
2024/09/29 15:28:46 [::1]:59457 GET /
2024/09/29 15:28:46 [::1]:59457 GET /static/css/styles.css
2024/09/29 15:28:46 [::1]:59465 GET /static/css/styles.css.map
2024/09/29 15:28:46 [::1]:59464 GET /static/js/main.bundle.js
2024/09/29 15:28:46 [::1]:59456 GET /static/js/styles.bundle.js
2024/09/29 15:28:46 [::1]:59456 GET /static/js/main.bundle.js.map
2024/09/29 15:28:46 [::1]:59456 GET /favicon.ico
2024/09/29 15:28:46 [::1]:59456 GET /static/js/styles.bundle.js.map
2024/09/29 15:28:47 [::1]:59456 GET /home
2024/09/29 15:29:03 [::1]:59456 GET /
2024/09/29 15:29:03 [::1]:59456 GET /static/css/styles.css
2024/09/29 15:29:03 [::1]:59464 GET /static/css/styles.css.map
2024/09/29 15:29:03 [::1]:59465 GET /static/js/main.bundle.js
2024/09/29 15:29:03 [::1]:59457 GET /static/js/styles.bundle.js
2024/09/29 15:29:03 [::1]:59457 GET /static/js/main.bundle.js.map
2024/09/29 15:29:03 [::1]:59465 GET /static/js/styles.bundle.js.map
2024/09/29 15:29:03 [::1]:59465 GET /favicon.ico
2024/09/29 15:30:48 [::1]:59465 GET /
2024/09/29 15:30:48 [::1]:59465 GET /static/css/styles.css
2024/09/29 15:30:48 [::1]:59457 GET /static/css/styles.css.map
2024/09/29 15:30:48 [::1]:59464 GET /static/js/main.bundle.js
2024/09/29 15:30:48 [::1]:59456 GET /static/js/styles.bundle.js
2024/09/29 15:30:48 [::1]:59464 GET /static/js/main.bundle.js.map
2024/09/29 15:30:48 [::1]:59464 GET /static/js/styles.bundle.js.map
2024/09/29 15:30:48 [::1]:59464 GET /favicon.ico
2024/09/29 15:37:40 [::1]:59964 GET /
2024/09/29 15:37:40 [::1]:59964 GET /static/css/styles.css
2024/09/29 15:37:40 [::1]:59965 GET /static/js/main.bundle.js
2024/09/29 15:37:40 [::1]:59964 GET /static/js/styles.bundle.js
2024/09/29 15:37:40 [::1]:59964 GET /static/css/styles.css.map
2024/09/29 15:37:40 [::1]:59964 GET /static/js/main.bundle.js.map
2024/09/29 15:37:40 [::1]:59964 GET /static/js/styles.bundle.js.map
2024/09/29 15:37:40 [::1]:59965 GET /favicon.ico
2024/09/29 15:40:49 [::1]:59965 GET /
2024/09/29 15:40:49 [::1]:59965 GET /static/css/styles.css
2024/09/29 15:40:49 [::1]:59964 GET /static/css/styles.css.map
2024/09/29 15:40:49 [::1]:60058 GET /static/js/main.bundle.js
2024/09/29 15:40:49 [::1]:60059 GET /static/js/styles.bundle.js
2024/09/29 15:40:49 [::1]:60058 GET /static/js/main.bundle.js.map
2024/09/29 15:40:49 [::1]:60059 GET /static/js/styles.bundle.js.map
2024/09/29 15:40:49 [::1]:60059 GET /favicon.ico
2024/09/29 15:40:53 [::1]:60059 GET /home
2024/09/29 15:40:54 [::1]:60059 GET /import
2024/09/29 15:40:55 [::1]:60059 GET /
2024/09/29 15:40:55 [::1]:60059 GET /static/js/main.bundle.js
2024/09/29 15:40:55 [::1]:60059 GET /static/js/main.bundle.js.map
2024/09/29 15:40:55 [::1]:60059 GET /favicon.ico
2024/09/29 15:41:35 [::1]:60059 GET /
2024/09/29 15:41:35 [::1]:60059 GET /static/js/main.bundle.js
2024/09/29 15:41:35 [::1]:60059 GET /static/js/main.bundle.js.map
2024/09/29 15:41:35 [::1]:60059 GET /favicon.ico
2024/09/29 15:42:16 [::1]:60059 GET /
2024/09/29 15:42:16 [::1]:60059 GET /static/js/main.bundle.js
2024/09/29 15:42:16 [::1]:60059 GET /static/js/main.bundle.js.map
2024/09/29 15:42:16 [::1]:60059 GET /favicon.ico
2024/09/29 15:43:46 [::1]:60059 GET /
2024/09/29 15:43:46 [::1]:60059 GET /static/css/styles.css
2024/09/29 15:43:46 [::1]:60058 GET /static/js/main.bundle.js
2024/09/29 15:43:46 [::1]:59964 GET /static/js/styles.bundle.js
2024/09/29 15:43:46 [::1]:59964 GET /static/css/styles.css.map
2024/09/29 15:43:46 [::1]:59964 GET /favicon.ico
2024/09/29 15:43:46 [::1]:59964 GET /static/js/main.bundle.js.map
2024/09/29 15:43:46 [::1]:59964 GET /static/js/styles.bundle.js.map
2024/09/29 15:46:13 [::1]:59964 GET /
2024/09/29 15:46:13 [::1]:59964 GET /static/css/styles.css
2024/09/29 15:46:13 [::1]:60058 GET /static/css/styles.css.map
2024/09/29 15:46:13 [::1]:60059 GET /static/js/main.bundle.js
2024/09/29 15:46:13 [::1]:60231 GET /static/js/styles.bundle.js
2024/09/29 15:46:13 [::1]:60059 GET /favicon.ico
2024/09/29 15:46:13 [::1]:60059 GET /static/js/main.bundle.js.map
2024/09/29 15:46:13 [::1]:60059 GET /static/js/styles.bundle.js.map
2024/09/29 15:46:16 [::1]:60059 GET /
2024/09/29 15:46:16 [::1]:60059 GET /static/css/styles.css
2024/09/29 15:46:16 [::1]:60231 GET /static/js/main.bundle.js
2024/09/29 15:46:16 [::1]:60058 GET /static/js/styles.bundle.js
2024/09/29 15:46:16 [::1]:60058 GET /static/css/styles.css.map
2024/09/29 15:46:16 [::1]:60058 GET /favicon.ico
2024/09/29 15:46:16 [::1]:60058 GET /static/js/main.bundle.js.map
2024/09/29 15:46:16 [::1]:60231 GET /static/js/styles.bundle.js.map
2024/09/29 15:46:32 [::1]:60058 GET /
2024/09/29 15:46:32 [::1]:60058 GET /static/js/main.bundle.js
2024/09/29 15:46:32 [::1]:60058 GET /static/js/main.bundle.js.map
2024/09/29 15:46:39 [::1]:60058 GET /favicon.ico
2024/09/29 15:47:13 [::1]:60058 GET /
2024/09/29 15:47:13 [::1]:60058 GET /static/css/styles.css
2024/09/29 15:47:13 [::1]:60231 GET /static/js/main.bundle.js
2024/09/29 15:47:13 [::1]:60059 GET /static/js/styles.bundle.js
2024/09/29 15:47:13 [::1]:60231 GET /static/css/styles.css.map
2024/09/29 15:47:13 [::1]:60231 GET /static/js/main.bundle.js.map
2024/09/29 15:47:13 [::1]:60231 GET /static/js/styles.bundle.js.map
2024/09/29 15:47:18 [::1]:60231 GET /import
2024/09/29 15:47:18 [::1]:60231 GET /favicon.ico
2024/09/29 15:47:22 [::1]:60231 GET /import
2024/09/29 15:47:23 [::1]:60231 GET /
2024/09/29 15:47:23 [::1]:60231 GET /static/js/main.bundle.js
2024/09/29 15:47:23 [::1]:60231 GET /import
2024/09/29 15:47:23 [::1]:60231 GET /favicon.ico
2024/09/29 15:47:23 [::1]:60231 GET /static/js/main.bundle.js.map
2024/09/29 15:47:24 [::1]:60231 GET /home
2024/09/29 15:47:25 [::1]:60231 GET /
2024/09/29 15:47:25 [::1]:60231 GET /static/js/main.bundle.js
2024/09/29 15:47:25 [::1]:60231 GET /import
2024/09/29 15:47:25 [::1]:60231 GET /favicon.ico
2024/09/29 15:47:25 [::1]:60231 GET /static/js/main.bundle.js.map
2024/09/29 15:47:30 [::1]:60231 GET /home
2024/09/29 15:48:20 [::1]:60231 GET /
2024/09/29 15:48:20 [::1]:60231 GET /static/js/main.bundle.js
2024/09/29 15:48:20 [::1]:60231 GET /import
2024/09/29 15:48:20 [::1]:60231 GET /favicon.ico
2024/09/29 15:48:23 [::1]:60231 GET /static/js/main.bundle.js.map
2024/09/29 15:48:24 [::1]:60231 GET /
2024/09/29 15:48:24 [::1]:60231 GET /static/css/styles.css
2024/09/29 15:48:24 [::1]:60059 GET /static/js/main.bundle.js
2024/09/29 15:48:24 [::1]:60058 GET /static/js/styles.bundle.js
2024/09/29 15:48:24 [::1]:60059 GET /import
2024/09/29 15:48:24 [::1]:60059 GET /favicon.ico
2024/09/29 15:48:24 [::1]:60059 GET /static/css/styles.css.map
2024/09/29 15:48:24 [::1]:60059 GET /static/js/main.bundle.js.map
2024/09/29 15:48:24 [::1]:60059 GET /static/js/styles.bundle.js.map
2024/09/29 15:48:31 [::1]:60059 GET /
2024/09/29 15:48:31 [::1]:60059 GET /static/js/main.bundle.js
2024/09/29 15:48:31 [::1]:60059 GET /import
2024/09/29 15:48:31 [::1]:60058 GET /static/js/main.bundle.js.map
2024/09/29 15:48:31 [::1]:60059 GET /favicon.ico
2024/09/29 15:48:33 [::1]:60059 GET /home
2024/09/29 15:48:33 [::1]:60059 GET /favicon.ico
2024/09/29 15:48:34 [::1]:60059 GET /import
2024/09/29 15:48:34 [::1]:60059 GET /favicon.ico
2024/09/29 15:48:36 [::1]:60059 GET /home
2024/09/29 15:48:36 [::1]:60059 GET /favicon.ico
2024/09/29 15:48:38 [::1]:60059 GET /import
2024/09/29 15:48:38 [::1]:60059 GET /favicon.ico
2024/09/29 15:48:52 [::1]:60059 GET /
2024/09/29 15:48:52 [::1]:60059 GET /static/js/main.bundle.js
2024/09/29 15:48:52 [::1]:60059 GET /import
2024/09/29 15:48:52 [::1]:60059 GET /favicon.ico
2024/09/29 15:48:53 [::1]:60059 GET /static/js/main.bundle.js.map
2024/09/29 15:48:54 [::1]:60059 GET /home
2024/09/29 15:48:54 [::1]:60059 GET /favicon.ico
2024/09/29 15:48:55 [::1]:60059 GET /import
2024/09/29 15:48:55 [::1]:60059 GET /favicon.ico
2024/09/29 15:48:56 [::1]:60059 GET /home
2024/09/29 15:48:56 [::1]:60059 GET /favicon.ico
2024/09/29 15:49:32 [::1]:60059 GET /
2024/09/29 15:49:32 [::1]:60059 GET /static/js/main.bundle.js
2024/09/29 15:49:32 [::1]:60059 GET /home
2024/09/29 15:49:32 [::1]:60059 GET /favicon.ico
2024/09/29 15:49:32 [::1]:60059 GET /static/js/main.bundle.js.map
2024/09/29 15:49:37 [::1]:60059 GET /import
2024/09/29 15:49:37 [::1]:60059 GET /favicon.ico
2024/09/29 15:49:38 [::1]:60059 GET /home
2024/09/29 15:49:38 [::1]:60059 GET /favicon.ico
2024/09/29 15:49:57 [::1]:60059 GET /
2024/09/29 15:49:57 [::1]:60059 GET /static/js/main.bundle.js
2024/09/29 15:49:57 [::1]:60059 GET /static/js/main.bundle.js.map
2024/09/29 15:49:57 [::1]:60059 GET /home
2024/09/29 15:49:57 [::1]:60059 GET /favicon.ico
2024/09/29 15:50:00 [::1]:60059 GET /import
2024/09/29 15:50:00 [::1]:60059 GET /favicon.ico
2024/09/29 15:50:02 [::1]:60059 GET /home
2024/09/29 15:50:02 [::1]:60059 GET /favicon.ico
2024/09/29 15:50:03 [::1]:60059 GET /import
2024/09/29 15:50:03 [::1]:60059 GET /favicon.ico
2024/09/29 15:51:30 [::1]:60059 GET /
2024/09/29 15:51:30 [::1]:60059 GET /static/css/styles.css
2024/09/29 15:51:30 [::1]:60058 GET /static/css/styles.css.map
2024/09/29 15:51:30 [::1]:60059 GET /static/js/main.bundle.js
2024/09/29 15:51:30 [::1]:60231 GET /static/js/styles.bundle.js
2024/09/29 15:51:30 [::1]:60059 GET /static/js/main.bundle.js.map
2024/09/29 15:51:30 [::1]:60059 GET /import
2024/09/29 15:51:30 [::1]:60059 GET /static/js/styles.bundle.js.map
2024/09/29 15:51:30 [::1]:60059 GET /favicon.ico
2024/09/29 15:51:31 [::1]:60059 GET /
2024/09/29 15:51:31 [::1]:60059 GET /static/js/main.bundle.js
2024/09/29 15:51:31 [::1]:60059 GET /static/js/main.bundle.js.map
2024/09/29 15:51:31 [::1]:60059 GET /import
2024/09/29 15:51:31 [::1]:60059 GET /favicon.ico
2024/09/29 15:51:34 [::1]:60059 GET /home
2024/09/29 15:51:34 [::1]:60059 GET /favicon.ico
2024/09/29 15:53:07 [::1]:60059 GET /
2024/09/29 15:53:07 [::1]:60059 GET /static/js/main.bundle.js
2024/09/29 15:53:07 [::1]:60059 GET /static/js/main.bundle.js.map
2024/09/29 15:53:07 [::1]:60059 GET /home
2024/09/29 15:53:07 [::1]:60059 GET /favicon.ico
2024/09/29 15:53:09 [::1]:60059 GET /import
2024/09/29 15:53:09 [::1]:60059 GET /favicon.ico
2024/09/29 15:53:10 [::1]:60059 GET /home
2024/09/29 15:53:10 [::1]:60059 GET /favicon.ico
2024/09/29 15:53:12 [::1]:60059 GET /import
2024/09/29 15:53:12 [::1]:60059 GET /favicon.ico
2024/09/29 15:53:55 [::1]:60059 GET /home
2024/09/29 15:53:55 [::1]:60059 GET /favicon.ico
2024/09/29 15:53:55 [::1]:60059 GET /import
2024/09/29 15:53:55 [::1]:60059 GET /favicon.ico
2024/09/29 15:53:57 [::1]:60059 GET /home
2024/09/29 15:53:57 [::1]:60231 GET /favicon.ico
2024/09/29 15:54:20 [::1]:60231 GET /
2024/09/29 15:54:20 [::1]:60231 GET /static/js/main.bundle.js
2024/09/29 15:54:20 [::1]:60231 GET /static/js/main.bundle.js.map
2024/09/29 15:54:20 [::1]:60231 GET /home
2024/09/29 15:54:20 [::1]:60231 GET /favicon.ico
2024/09/29 15:54:22 [::1]:60231 GET /
2024/09/29 15:54:22 [::1]:60231 GET /static/css/styles.css
2024/09/29 15:54:22 [::1]:60059 GET /static/css/styles.css.map
2024/09/29 15:54:22 [::1]:60058 GET /static/js/styles.bundle.js
2024/09/29 15:54:22 [::1]:60058 GET /static/js/styles.bundle.js.map
2024/09/29 15:54:22 [::1]:60058 GET /home
2024/09/29 15:54:22 [::1]:60058 GET /favicon.ico
2024/09/29 15:54:23 [::1]:60058 GET /
2024/09/29 15:54:24 [::1]:60058 GET /static/css/styles.css.map
2024/09/29 15:54:24 [::1]:60059 GET /static/css/styles.css
2024/09/29 15:54:24 [::1]:60231 GET /static/js/main.bundle.js
2024/09/29 15:54:24 [::1]:60465 GET /static/js/styles.bundle.js
2024/09/29 15:54:24 [::1]:60465 GET /static/js/main.bundle.js.map
2024/09/29 15:54:24 [::1]:60465 GET /static/js/styles.bundle.js.map
2024/09/29 15:54:24 [::1]:60465 GET /home
2024/09/29 15:54:24 [::1]:60465 GET /favicon.ico
2024/09/29 15:54:25 [::1]:60465 GET /import
2024/09/29 15:54:25 [::1]:60465 GET /favicon.ico
2024/09/29 15:54:26 [::1]:60465 GET /home
2024/09/29 15:54:26 [::1]:60465 GET /favicon.ico
